<component name="libraryTable">
  <library name="junit" type="repository">
    <properties maven-id="junit:junit:4.11" />
    <CLASSES>
      <root url="jar://$PROJECT_DIR$/../../JAVA_Librairies/junit-4.11.jar!/" />
      <root url="jar://$PROJECT_DIR$/../../JAVA_Librairies/hamcrest-core-1.3.jar!/" />
    </CLASSES>
    <JAVADOC />
    <SOURCES />
  </library>
</component>